{"name": "Проверка флоу позитивного сценария с двумя наборами данных", "status": "broken", "statusDetails": {"message": "selenium.common.exceptions.TimeoutException: Message: \nStacktrace:\n#0 0x5678334921aa <unknown>\n#1 0x5678331916f0 <unknown>\n#2 0x5678331dfaa8 <unknown>\n#3 0x5678331dfd41 <unknown>\n#4 0x567833226494 <unknown>\n#5 0x56783320485d <unknown>\n#6 0x56783322382a <unknown>\n#7 0x5678332045d3 <unknown>\n#8 0x5678331d2b1d <unknown>\n#9 0x5678331d360e <unknown>\n#10 0x56783345f1ff <unknown>\n#11 0x5678334632a0 <unknown>\n#12 0x56783344ccb7 <unknown>\n#13 0x567833463a11 <unknown>\n#14 0x56783343410e <unknown>\n#15 0x567833481568 <unknown>\n#16 0x56783348176a <unknown>\n#17 0x567833490e41 <unknown>\n#18 0x7300afcf4ac3 <unknown>", "trace": "self = <tests.test_order_page.TestOrderPageOrder object at 0x75a0d2e89000>\ndriver = <selenium.webdriver.chrome.webdriver.WebDriver (session=\"13bcc67b606bff9ea197e32553696173\")>\nbutton = ('xpath', '//button[text()=\"Заказать\" and contains(@class, \"Button_UltraBig__UU3Lp\")]')\ntest_user = ['Петр', 'Петров', 'Красная площадь', '+79217654321', '30.10.2024', 'Ворота Мадридского Реала']\n\n    @allure.title('Проверка флоу позитивного сценария с двумя наборами данных')\n    @allure.description('Проверка точек входа в сценарий: кнопка «Заказать» вверху страницы и внизу.')\n    @pytest.mark.parametrize('button, test_user', [(MainPageLocators.ORDER_BUTTON_HEADER, DataForTests.test_user_1),\n                                                   (MainPageLocators.ORDER_BUTTON_MAIN, DataForTests.test_user_2)])\n    def test_order_all_fields_success(self, driver, button, test_user):\n        order_page = OrderPage(driver)\n>       order_page.scroll_to_element(button)\n\ntests/test_order_page.py:17: \n_ _ _ _ _ _ _ _ _ _ _ _ _ _ _ _ _ _ _ _ _ _ _ _ _ _ _ _ _ _ _ _ _ _ _ _ _ _ _ _ _ _ _ _ _ _ _ _ _ _ _ _ _ _ _ _ _ _ _ _ _ _ _ _ _ _ _ _ _ _ _ _ _ _ _ _ _ _ \npages/base_page.py:29: in scroll_to_element\n    element = self.find_element_with_wait(locator)\npages/base_page.py:13: in find_element_with_wait\n    return WebDriverWait(self.driver, 5).until(expected_conditions.visibility_of_element_located(locator))\n_ _ _ _ _ _ _ _ _ _ _ _ _ _ _ _ _ _ _ _ _ _ _ _ _ _ _ _ _ _ _ _ _ _ _ _ _ _ _ _ _ _ _ _ _ _ _ _ _ _ _ _ _ _ _ _ _ _ _ _ _ _ _ _ _ _ _ _ _ _ _ _ _ _ _ _ _ _ \n\nself = <selenium.webdriver.support.wait.WebDriverWait (session=\"13bcc67b606bff9ea197e32553696173\")>\nmethod = <function visibility_of_element_located.<locals>._predicate at 0x75a0d2bd08b0>, message = ''\n\n    def until(self, method: Callable[[D], Union[Literal[False], T]], message: str = \"\") -> T:\n        \"\"\"Calls the method provided with the driver as an argument until the \\\n        return value does not evaluate to ``False``.\n    \n        :param method: callable(WebDriver)\n        :param message: optional message for :exc:`TimeoutException`\n        :returns: the result of the last call to `method`\n        :raises: :exc:`selenium.common.exceptions.TimeoutException` if timeout occurs\n        \"\"\"\n        screen = None\n        stacktrace = None\n    \n        end_time = time.monotonic() + self._timeout\n        while True:\n            try:\n                value = method(self._driver)\n                if value:\n                    return value\n            except self._ignored_exceptions as exc:\n                screen = getattr(exc, \"screen\", None)\n                stacktrace = getattr(exc, \"stacktrace\", None)\n            time.sleep(self._poll)\n            if time.monotonic() > end_time:\n                break\n>       raise TimeoutException(message, screen, stacktrace)\nE       selenium.common.exceptions.TimeoutException: Message: \nE       Stacktrace:\nE       #0 0x5678334921aa <unknown>\nE       #1 0x5678331916f0 <unknown>\nE       #2 0x5678331dfaa8 <unknown>\nE       #3 0x5678331dfd41 <unknown>\nE       #4 0x567833226494 <unknown>\nE       #5 0x56783320485d <unknown>\nE       #6 0x56783322382a <unknown>\nE       #7 0x5678332045d3 <unknown>\nE       #8 0x5678331d2b1d <unknown>\nE       #9 0x5678331d360e <unknown>\nE       #10 0x56783345f1ff <unknown>\nE       #11 0x5678334632a0 <unknown>\nE       #12 0x56783344ccb7 <unknown>\nE       #13 0x567833463a11 <unknown>\nE       #14 0x56783343410e <unknown>\nE       #15 0x567833481568 <unknown>\nE       #16 0x56783348176a <unknown>\nE       #17 0x567833490e41 <unknown>\nE       #18 0x7300afcf4ac3 <unknown>\n\n.venv/lib/python3.10/site-packages/selenium/webdriver/support/wait.py:105: TimeoutException"}, "description": "Проверка точек входа в сценарий: кнопка «Заказать» вверху страницы и внизу.", "steps": [{"name": "Скролл до элемента", "status": "broken", "statusDetails": {"message": "selenium.common.exceptions.TimeoutException: Message: \nStacktrace:\n#0 0x5678334921aa <unknown>\n#1 0x5678331916f0 <unknown>\n#2 0x5678331dfaa8 <unknown>\n#3 0x5678331dfd41 <unknown>\n#4 0x567833226494 <unknown>\n#5 0x56783320485d <unknown>\n#6 0x56783322382a <unknown>\n#7 0x5678332045d3 <unknown>\n#8 0x5678331d2b1d <unknown>\n#9 0x5678331d360e <unknown>\n#10 0x56783345f1ff <unknown>\n#11 0x5678334632a0 <unknown>\n#12 0x56783344ccb7 <unknown>\n#13 0x567833463a11 <unknown>\n#14 0x56783343410e <unknown>\n#15 0x567833481568 <unknown>\n#16 0x56783348176a <unknown>\n#17 0x567833490e41 <unknown>\n#18 0x7300afcf4ac3 <unknown>\n\n", "trace": "  File \"/home/ivan/yandex/777/.venv/lib/python3.10/site-packages/allure_commons/_allure.py\", line 192, in impl\n    return func(*a, **kw)\n  File \"/home/ivan/yandex/777/pages/base_page.py\", line 29, in scroll_to_element\n    element = self.find_element_with_wait(locator)\n  File \"/home/ivan/yandex/777/.venv/lib/python3.10/site-packages/allure_commons/_allure.py\", line 192, in impl\n    return func(*a, **kw)\n  File \"/home/ivan/yandex/777/pages/base_page.py\", line 13, in find_element_with_wait\n    return WebDriverWait(self.driver, 5).until(expected_conditions.visibility_of_element_located(locator))\n  File \"/home/ivan/yandex/777/.venv/lib/python3.10/site-packages/selenium/webdriver/support/wait.py\", line 105, in until\n    raise TimeoutException(message, screen, stacktrace)\n"}, "steps": [{"name": "Подождать загрузку элемента", "status": "broken", "statusDetails": {"message": "selenium.common.exceptions.TimeoutException: Message: \nStacktrace:\n#0 0x5678334921aa <unknown>\n#1 0x5678331916f0 <unknown>\n#2 0x5678331dfaa8 <unknown>\n#3 0x5678331dfd41 <unknown>\n#4 0x567833226494 <unknown>\n#5 0x56783320485d <unknown>\n#6 0x56783322382a <unknown>\n#7 0x5678332045d3 <unknown>\n#8 0x5678331d2b1d <unknown>\n#9 0x5678331d360e <unknown>\n#10 0x56783345f1ff <unknown>\n#11 0x5678334632a0 <unknown>\n#12 0x56783344ccb7 <unknown>\n#13 0x567833463a11 <unknown>\n#14 0x56783343410e <unknown>\n#15 0x567833481568 <unknown>\n#16 0x56783348176a <unknown>\n#17 0x567833490e41 <unknown>\n#18 0x7300afcf4ac3 <unknown>\n\n", "trace": "  File \"/home/ivan/yandex/777/.venv/lib/python3.10/site-packages/allure_commons/_allure.py\", line 192, in impl\n    return func(*a, **kw)\n  File \"/home/ivan/yandex/777/pages/base_page.py\", line 13, in find_element_with_wait\n    return WebDriverWait(self.driver, 5).until(expected_conditions.visibility_of_element_located(locator))\n  File \"/home/ivan/yandex/777/.venv/lib/python3.10/site-packages/selenium/webdriver/support/wait.py\", line 105, in until\n    raise TimeoutException(message, screen, stacktrace)\n"}, "parameters": [{"name": "locator", "value": "('xpath', '//button[text()=\"Заказать\" and contains(@class, \"Button_UltraBig__UU3Lp\")]')"}], "start": 1729600086865, "stop": 1729600092055}], "parameters": [{"name": "locator", "value": "('xpath', '//button[text()=\"Заказать\" and contains(@class, \"Button_UltraBig__UU3Lp\")]')"}], "start": 1729600086865, "stop": 1729600092055}], "parameters": [{"name": "button", "value": "('xpath', '//button[text()=\"Заказать\" and contains(@class, \"Button_UltraBig__UU3Lp\")]')"}, {"name": "test_user", "value": "['Петр', 'Петров', 'Красная площадь', '+79217654321', '30.10.2024', 'Ворота Мадридского Реала']"}], "start": 1729600086864, "stop": 1729600092056, "uuid": "3d5a7eab-6962-42ba-abc3-d4db7dda5e96", "historyId": "06a36dba9d16218929b3a1d3b74836b2", "testCaseId": "676123171490a73bfbb737692482e4d3", "fullName": "tests.test_order_page.TestOrderPageOrder#test_order_all_fields_success", "labels": [{"name": "parentSuite", "value": "tests"}, {"name": "suite", "value": "test_order_page"}, {"name": "subSuite", "value": "TestOrderPageOrder"}, {"name": "host", "value": "ivan-STC"}, {"name": "thread", "value": "167068-MainThread"}, {"name": "framework", "value": "pytest"}, {"name": "language", "value": "cpython3"}, {"name": "package", "value": "tests.test_order_page"}]}